<testsuites id="" name="" tests="300" failures="12" skipped="0" errors="0" time="175.57267499999998">
<testsuite name="auth.spec.js" timestamp="2025-09-15T09:31:37.401Z" hostname="chromium" tests="17" failures="1" skipped="0" time="65.656" errors="0">
<testcase name="Authentication › Login Flow › should display login form on initial load @smoke" classname="auth.spec.js" time="2.144">
</testcase>
<testcase name="Authentication › Login Flow › should successfully login with valid credentials @smoke" classname="auth.spec.js" time="3.586">
</testcase>
<testcase name="Authentication › Login Flow › should show error message with invalid credentials" classname="auth.spec.js" time="7.468">
<system-out>
<![CDATA[Expecting auth error message: [1mnull[22m for form: login
]]>
</system-out>
</testcase>
<testcase name="Authentication › Login Flow › should validate required fields" classname="auth.spec.js" time="2.256">
</testcase>
<testcase name="Authentication › Login Flow › should handle keyboard navigation" classname="auth.spec.js" time="5.281">
</testcase>
<testcase name="Authentication › Registration Flow › should toggle to registration form" classname="auth.spec.js" time="2.171">
</testcase>
<testcase name="Authentication › Registration Flow › should toggle back to login form" classname="auth.spec.js" time="2.523">
</testcase>
<testcase name="Authentication › Registration Flow › should register new user successfully" classname="auth.spec.js" time="2.662">
</testcase>
<testcase name="Authentication › Registration Flow › should prevent registration with existing username" classname="auth.spec.js" time="2.64">
<system-out>
<![CDATA[Expecting auth error message: already taken for form: register
]]>
</system-out>
</testcase>
<testcase name="Authentication › Registration Flow › should validate password requirements" classname="auth.spec.js" time="5.397">
</testcase>
<testcase name="Authentication › Session Management › should maintain session across page refreshes" classname="auth.spec.js" time="4.074">
</testcase>
<testcase name="Authentication › Session Management › should redirect unauthenticated users to login" classname="auth.spec.js" time="2.262">
</testcase>
<testcase name="Authentication › Session Management › should logout successfully" classname="auth.spec.js" time="8.184">
<failure message="auth.spec.js:196:9 should logout successfully" type="FAILURE">
<![CDATA[  [chromium] › auth.spec.js:196:9 › Authentication › Session Management › should logout successfully 

    Error: expect(page).toHaveURL(expected) failed

    Expected pattern: /.*index\.html/
    Received string:  "http://localhost:8000/static/html/dashboard.html"
    Timeout: 5000ms

    Call log:
      - Expect "toHaveURL" with timeout 5000ms
        9 × unexpected value "http://localhost:8000/static/html/dashboard.html"


       at ../utils/auth-helper.js:118

      116 |     
      117 |     // Verify redirect to login page
    > 118 |     await expect(this.page).toHaveURL(/.*index\.html/);
          |                             ^
      119 |   }
      120 |
      121 |   /**
        at AuthHelper.logout (/home/snarky404/githubRepos/PIM_project/e2e/utils/auth-helper.js:118:29)
        at /home/snarky404/githubRepos/PIM_project/e2e/tests/auth.spec.js:201:7

    attachment #1: screenshot (image/png) ──────────────────────────────────────────────────────────
    ../test-results/auth-Authentication-Sessio-518e9--should-logout-successfully-chromium/test-failed-1.png
    ────────────────────────────────────────────────────────────────────────────────────────────────

    attachment #2: video (video/webm) ──────────────────────────────────────────────────────────────
    ../test-results/auth-Authentication-Sessio-518e9--should-logout-successfully-chromium/video.webm
    ────────────────────────────────────────────────────────────────────────────────────────────────

    Error Context: ../test-results/auth-Authentication-Sessio-518e9--should-logout-successfully-chromium/error-context.md
]]>
</failure>
<system-out>
<![CDATA[
[[ATTACHMENT|test-results/auth-Authentication-Sessio-518e9--should-logout-successfully-chromium/test-failed-1.png]]

[[ATTACHMENT|test-results/auth-Authentication-Sessio-518e9--should-logout-successfully-chromium/video.webm]]

[[ATTACHMENT|test-results/auth-Authentication-Sessio-518e9--should-logout-successfully-chromium/error-context.md]]
]]>
</system-out>
</testcase>
<testcase name="Authentication › Security Tests › should prevent XSS in login form" classname="auth.spec.js" time="3.805">
</testcase>
<testcase name="Authentication › Security Tests › should handle SQL injection attempts safely" classname="auth.spec.js" time="7.752">
</testcase>
<testcase name="Authentication › Accessibility › should be keyboard accessible @a11y" classname="auth.spec.js" time="1.73">
</testcase>
<testcase name="Authentication › Accessibility › should have proper ARIA labels and roles @a11y" classname="auth.spec.js" time="1.721">
</testcase>
</testsuite>
<testsuite name="crud.spec.js" timestamp="2025-09-15T09:31:37.401Z" hostname="chromium" tests="16" failures="0" skipped="0" time="85.771" errors="0">
<testcase name="CRUD Operations › Create Operations › should create a new note @smoke" classname="crud.spec.js" time="3.3">
<system-out>
<![CDATA[Create note form elements not found, testing navigation instead
]]>
</system-out>
</testcase>
<testcase name="CRUD Operations › Create Operations › should validate required fields when creating note" classname="crud.spec.js" time="4.362">
</testcase>
<testcase name="CRUD Operations › Create Operations › should create notes in different PARA categories" classname="crud.spec.js" time="12.615">
</testcase>
<testcase name="CRUD Operations › Read Operations › should view note details @smoke" classname="crud.spec.js" time="3.606">
</testcase>
<testcase name="CRUD Operations › Read Operations › should display notes list with proper information" classname="crud.spec.js" time="3.402">
</testcase>
<testcase name="CRUD Operations › Read Operations › should search and filter notes" classname="crud.spec.js" time="5.729">
</testcase>
<testcase name="CRUD Operations › Update Operations › should edit existing note" classname="crud.spec.js" time="7.387">
</testcase>
<testcase name="CRUD Operations › Update Operations › should handle concurrent edit scenarios" classname="crud.spec.js" time="3.612">
</testcase>
<testcase name="CRUD Operations › Delete Operations › should delete a note with confirmation" classname="crud.spec.js" time="4.177">
<system-out>
<![CDATA[No delete buttons found, testing delete functionality not available
]]>
</system-out>
</testcase>
<testcase name="CRUD Operations › Delete Operations › should prevent accidental deletion" classname="crud.spec.js" time="3.769">
</testcase>
<testcase name="CRUD Operations › Delete Operations › should handle bulk delete operations" classname="crud.spec.js" time="5.396">
</testcase>
<testcase name="CRUD Operations › Data Validation and Error Handling › should validate note title length" classname="crud.spec.js" time="5.25">
</testcase>
<testcase name="CRUD Operations › Data Validation and Error Handling › should handle special characters in content" classname="crud.spec.js" time="4.92">
</testcase>
<testcase name="CRUD Operations › Data Validation and Error Handling › should handle network errors gracefully" classname="crud.spec.js" time="6.611">
</testcase>
<testcase name="CRUD Operations › Performance and Scalability › should handle large content efficiently" classname="crud.spec.js" time="4.692">
</testcase>
<testcase name="CRUD Operations › Performance and Scalability › should maintain performance with many notes" classname="crud.spec.js" time="6.943">
</testcase>
</testsuite>
<testsuite name="dashboard.spec.js" timestamp="2025-09-15T09:31:37.401Z" hostname="chromium" tests="17" failures="1" skipped="0" time="108.011" errors="0">
<testcase name="Dashboard and Navigation › Dashboard Layout and Elements › should display dashboard with all key elements @smoke" classname="dashboard.spec.js" time="5.196">
</testcase>
<testcase name="Dashboard and Navigation › Dashboard Layout and Elements › should display PARA categories" classname="dashboard.spec.js" time="5.106">
</testcase>
<testcase name="Dashboard and Navigation › Dashboard Layout and Elements › should be responsive on different screen sizes" classname="dashboard.spec.js" time="5.435">
</testcase>
<testcase name="Dashboard and Navigation › Navigation Between Pages › should navigate to edit page @smoke" classname="dashboard.spec.js" time="6.129">
</testcase>
<testcase name="Dashboard and Navigation › Navigation Between Pages › should navigate to view page" classname="dashboard.spec.js" time="6.105">
</testcase>
<testcase name="Dashboard and Navigation › Navigation Between Pages › should maintain authentication across page navigation" classname="dashboard.spec.js" time="6.237">
</testcase>
<testcase name="Dashboard and Navigation › Navigation Between Pages › should handle browser back/forward navigation" classname="dashboard.spec.js" time="6.25">
</testcase>
<testcase name="Dashboard and Navigation › Search and Filter Functionality › should search for notes if search functionality exists" classname="dashboard.spec.js" time="5.908">
</testcase>
<testcase name="Dashboard and Navigation › Search and Filter Functionality › should filter by PARA categories if filter exists" classname="dashboard.spec.js" time="6.165">
</testcase>
<testcase name="Dashboard and Navigation › Notes/Items Display › should display existing notes if any exist" classname="dashboard.spec.js" time="5.971">
</testcase>
<testcase name="Dashboard and Navigation › Notes/Items Display › should handle empty state gracefully" classname="dashboard.spec.js" time="6.161">
</testcase>
<testcase name="Dashboard and Navigation › Notes/Items Display › should interact with note items if they exist" classname="dashboard.spec.js" time="5.765">
</testcase>
<testcase name="Dashboard and Navigation › User Experience Features › should show loading states appropriately" classname="dashboard.spec.js" time="7.386">
</testcase>
<testcase name="Dashboard and Navigation › User Experience Features › should handle errors gracefully" classname="dashboard.spec.js" time="9.239">
</testcase>
<testcase name="Dashboard and Navigation › User Experience Features › should be accessible with keyboard navigation @a11y" classname="dashboard.spec.js" time="5.35">
</testcase>
<testcase name="Dashboard and Navigation › Performance › should load dashboard within acceptable time @performance" classname="dashboard.spec.js" time="10.608">
<failure message="dashboard.spec.js:411:9 should load dashboard within acceptable time @performance" type="FAILURE">
<![CDATA[  [chromium] › dashboard.spec.js:411:9 › Dashboard and Navigation › Performance › should load dashboard within acceptable time @performance 

    Error: expect(locator).toBeVisible() failed

    Locator:  locator('#login-box')
    Expected: visible
    Received: <element(s) not found>
    Timeout:  5000ms

    Call log:
      - Expect "toBeVisible" with timeout 5000ms
      - waiting for locator('#login-box')


       at ../utils/auth-helper.js:19

      17 |   async gotoLogin() {
      18 |     await this.page.goto('/static/html/index.html');
    > 19 |     await expect(this.page.locator('#login-box')).toBeVisible();
         |                                                   ^
      20 |   }
      21 |
      22 |   /**
        at AuthHelper.gotoLogin (/home/snarky404/githubRepos/PIM_project/e2e/utils/auth-helper.js:19:51)
        at AuthHelper.login (/home/snarky404/githubRepos/PIM_project/e2e/utils/auth-helper.js:45:5)
        at /home/snarky404/githubRepos/PIM_project/e2e/tests/dashboard.spec.js:414:7

    attachment #1: screenshot (image/png) ──────────────────────────────────────────────────────────
    ../test-results/dashboard-Dashboard-and-Na-5bb4a-acceptable-time-performance-chromium/test-failed-1.png
    ────────────────────────────────────────────────────────────────────────────────────────────────

    attachment #2: video (video/webm) ──────────────────────────────────────────────────────────────
    ../test-results/dashboard-Dashboard-and-Na-5bb4a-acceptable-time-performance-chromium/video.webm
    ────────────────────────────────────────────────────────────────────────────────────────────────

    Error Context: ../test-results/dashboard-Dashboard-and-Na-5bb4a-acceptable-time-performance-chromium/error-context.md
]]>
</failure>
<system-out>
<![CDATA[
[[ATTACHMENT|test-results/dashboard-Dashboard-and-Na-5bb4a-acceptable-time-performance-chromium/test-failed-1.png]]

[[ATTACHMENT|test-results/dashboard-Dashboard-and-Na-5bb4a-acceptable-time-performance-chromium/video.webm]]

[[ATTACHMENT|test-results/dashboard-Dashboard-and-Na-5bb4a-acceptable-time-performance-chromium/error-context.md]]
]]>
</system-out>
</testcase>
<testcase name="Dashboard and Navigation › Performance › should handle large datasets gracefully" classname="dashboard.spec.js" time="5">
<system-out>
<![CDATA[Performance metrics: {
  memory: { usedJSHeapSize: [33m10000000[39m, totalJSHeapSize: [33m10000000[39m },
  timing: {
    connectStart: [33m1757928723392[39m,
    secureConnectionStart: [33m0[39m,
    unloadEventEnd: [33m1757928723425[39m,
    domainLookupStart: [33m1757928723392[39m,
    domainLookupEnd: [33m1757928723392[39m,
    responseStart: [33m1757928723415[39m,
    connectEnd: [33m1757928723392[39m,
    responseEnd: [33m1757928723461[39m,
    requestStart: [33m1757928723394[39m,
    domLoading: [33m1757928723427[39m,
    redirectStart: [33m0[39m,
    loadEventEnd: [33m1757928723603[39m,
    domComplete: [33m1757928723603[39m,
    navigationStart: [33m1757928723385[39m,
    loadEventStart: [33m1757928723603[39m,
    domContentLoadedEventEnd: [33m1757928723500[39m,
    unloadEventStart: [33m1757928723425[39m,
    redirectEnd: [33m0[39m,
    domInteractive: [33m1757928723498[39m,
    fetchStart: [33m1757928723392[39m,
    domContentLoadedEventStart: [33m1757928723498[39m
  }
}
]]>
</system-out>
</testcase>
</testsuite>
<testsuite name="auth.spec.js" timestamp="2025-09-15T09:31:37.401Z" hostname="firefox" tests="17" failures="1" skipped="0" time="103.773" errors="0">
<testcase name="Authentication › Login Flow › should display login form on initial load @smoke" classname="auth.spec.js" time="3.732">
</testcase>
<testcase name="Authentication › Login Flow › should successfully login with valid credentials @smoke" classname="auth.spec.js" time="4.177">
</testcase>
<testcase name="Authentication › Login Flow › should show error message with invalid credentials" classname="auth.spec.js" time="9.348">
<system-out>
<![CDATA[Expecting auth error message: [1mnull[22m for form: login
]]>
</system-out>
</testcase>
<testcase name="Authentication › Login Flow › should validate required fields" classname="auth.spec.js" time="4.328">
</testcase>
<testcase name="Authentication › Login Flow › should handle keyboard navigation" classname="auth.spec.js" time="8.602">
</testcase>
<testcase name="Authentication › Registration Flow › should toggle to registration form" classname="auth.spec.js" time="3.867">
</testcase>
<testcase name="Authentication › Registration Flow › should toggle back to login form" classname="auth.spec.js" time="8.046">
</testcase>
<testcase name="Authentication › Registration Flow › should register new user successfully" classname="auth.spec.js" time="6.711">
</testcase>
<testcase name="Authentication › Registration Flow › should prevent registration with existing username" classname="auth.spec.js" time="5.35">
<system-out>
<![CDATA[Expecting auth error message: already taken for form: register
]]>
</system-out>
</testcase>
<testcase name="Authentication › Registration Flow › should validate password requirements" classname="auth.spec.js" time="5.245">
</testcase>
<testcase name="Authentication › Session Management › should maintain session across page refreshes" classname="auth.spec.js" time="3.487">
</testcase>
<testcase name="Authentication › Session Management › should redirect unauthenticated users to login" classname="auth.spec.js" time="8.545">
</testcase>
<testcase name="Authentication › Session Management › should logout successfully" classname="auth.spec.js" time="8.1">
<failure message="auth.spec.js:196:9 should logout successfully" type="FAILURE">
<![CDATA[  [firefox] › auth.spec.js:196:9 › Authentication › Session Management › should logout successfully 

    Error: expect(page).toHaveURL(expected) failed

    Expected pattern: /.*index\.html/
    Received string:  "http://localhost:8000/static/html/dashboard.html"
    Timeout: 5000ms

    Call log:
      - Expect "toHaveURL" with timeout 5000ms
        8 × unexpected value "http://localhost:8000/static/html/dashboard.html"


       at ../utils/auth-helper.js:118

      116 |     
      117 |     // Verify redirect to login page
    > 118 |     await expect(this.page).toHaveURL(/.*index\.html/);
          |                             ^
      119 |   }
      120 |
      121 |   /**
        at AuthHelper.logout (/home/snarky404/githubRepos/PIM_project/e2e/utils/auth-helper.js:118:29)
        at /home/snarky404/githubRepos/PIM_project/e2e/tests/auth.spec.js:201:7

    attachment #1: screenshot (image/png) ──────────────────────────────────────────────────────────
    ../test-results/auth-Authentication-Sessio-518e9--should-logout-successfully-firefox/test-failed-1.png
    ────────────────────────────────────────────────────────────────────────────────────────────────

    attachment #2: video (video/webm) ──────────────────────────────────────────────────────────────
    ../test-results/auth-Authentication-Sessio-518e9--should-logout-successfully-firefox/video.webm
    ────────────────────────────────────────────────────────────────────────────────────────────────

    Error Context: ../test-results/auth-Authentication-Sessio-518e9--should-logout-successfully-firefox/error-context.md
]]>
</failure>
<system-out>
<![CDATA[
[[ATTACHMENT|test-results/auth-Authentication-Sessio-518e9--should-logout-successfully-firefox/test-failed-1.png]]

[[ATTACHMENT|test-results/auth-Authentication-Sessio-518e9--should-logout-successfully-firefox/video.webm]]

[[ATTACHMENT|test-results/auth-Authentication-Sessio-518e9--should-logout-successfully-firefox/error-context.md]]
]]>
</system-out>
</testcase>
<testcase name="Authentication › Security Tests › should prevent XSS in login form" classname="auth.spec.js" time="9.127">
</testcase>
<testcase name="Authentication › Security Tests › should handle SQL injection attempts safely" classname="auth.spec.js" time="8.639">
</testcase>
<testcase name="Authentication › Accessibility › should be keyboard accessible @a11y" classname="auth.spec.js" time="3.134">
</testcase>
<testcase name="Authentication › Accessibility › should have proper ARIA labels and roles @a11y" classname="auth.spec.js" time="3.335">
</testcase>
</testsuite>
<testsuite name="crud.spec.js" timestamp="2025-09-15T09:31:37.401Z" hostname="firefox" tests="16" failures="0" skipped="0" time="122.958" errors="0">
<testcase name="CRUD Operations › Create Operations › should create a new note @smoke" classname="crud.spec.js" time="5.791">
<system-out>
<![CDATA[Create note form elements not found, testing navigation instead
]]>
</system-out>
</testcase>
<testcase name="CRUD Operations › Create Operations › should validate required fields when creating note" classname="crud.spec.js" time="7.061">
</testcase>
<testcase name="CRUD Operations › Create Operations › should create notes in different PARA categories" classname="crud.spec.js" time="17.738">
</testcase>
<testcase name="CRUD Operations › Read Operations › should view note details @smoke" classname="crud.spec.js" time="5.453">
</testcase>
<testcase name="CRUD Operations › Read Operations › should display notes list with proper information" classname="crud.spec.js" time="5.905">
</testcase>
<testcase name="CRUD Operations › Read Operations › should search and filter notes" classname="crud.spec.js" time="7.085">
</testcase>
<testcase name="CRUD Operations › Update Operations › should edit existing note" classname="crud.spec.js" time="8.473">
</testcase>
<testcase name="CRUD Operations › Update Operations › should handle concurrent edit scenarios" classname="crud.spec.js" time="5.578">
</testcase>
<testcase name="CRUD Operations › Delete Operations › should delete a note with confirmation" classname="crud.spec.js" time="10.898">
<system-out>
<![CDATA[No delete buttons found, testing delete functionality not available
]]>
</system-out>
</testcase>
<testcase name="CRUD Operations › Delete Operations › should prevent accidental deletion" classname="crud.spec.js" time="5.771">
</testcase>
<testcase name="CRUD Operations › Delete Operations › should handle bulk delete operations" classname="crud.spec.js" time="7.494">
</testcase>
<testcase name="CRUD Operations › Data Validation and Error Handling › should validate note title length" classname="crud.spec.js" time="7.435">
</testcase>
<testcase name="CRUD Operations › Data Validation and Error Handling › should handle special characters in content" classname="crud.spec.js" time="6.467">
</testcase>
<testcase name="CRUD Operations › Data Validation and Error Handling › should handle network errors gracefully" classname="crud.spec.js" time="6.799">
</testcase>
<testcase name="CRUD Operations › Performance and Scalability › should handle large content efficiently" classname="crud.spec.js" time="7.618">
</testcase>
<testcase name="CRUD Operations › Performance and Scalability › should maintain performance with many notes" classname="crud.spec.js" time="7.392">
</testcase>
</testsuite>
<testsuite name="dashboard.spec.js" timestamp="2025-09-15T09:31:37.401Z" hostname="firefox" tests="17" failures="1" skipped="0" time="123.68" errors="0">
<testcase name="Dashboard and Navigation › Dashboard Layout and Elements › should display dashboard with all key elements @smoke" classname="dashboard.spec.js" time="5.925">
</testcase>
<testcase name="Dashboard and Navigation › Dashboard Layout and Elements › should display PARA categories" classname="dashboard.spec.js" time="5.869">
</testcase>
<testcase name="Dashboard and Navigation › Dashboard Layout and Elements › should be responsive on different screen sizes" classname="dashboard.spec.js" time="8.007">
</testcase>
<testcase name="Dashboard and Navigation › Navigation Between Pages › should navigate to edit page @smoke" classname="dashboard.spec.js" time="7.324">
</testcase>
<testcase name="Dashboard and Navigation › Navigation Between Pages › should navigate to view page" classname="dashboard.spec.js" time="7.245">
</testcase>
<testcase name="Dashboard and Navigation › Navigation Between Pages › should maintain authentication across page navigation" classname="dashboard.spec.js" time="8.168">
</testcase>
<testcase name="Dashboard and Navigation › Navigation Between Pages › should handle browser back/forward navigation" classname="dashboard.spec.js" time="7.544">
</testcase>
<testcase name="Dashboard and Navigation › Search and Filter Functionality › should search for notes if search functionality exists" classname="dashboard.spec.js" time="7.617">
</testcase>
<testcase name="Dashboard and Navigation › Search and Filter Functionality › should filter by PARA categories if filter exists" classname="dashboard.spec.js" time="6.527">
</testcase>
<testcase name="Dashboard and Navigation › Notes/Items Display › should display existing notes if any exist" classname="dashboard.spec.js" time="6.542">
</testcase>
<testcase name="Dashboard and Navigation › Notes/Items Display › should handle empty state gracefully" classname="dashboard.spec.js" time="6.152">
</testcase>
<testcase name="Dashboard and Navigation › Notes/Items Display › should interact with note items if they exist" classname="dashboard.spec.js" time="6.012">
</testcase>
<testcase name="Dashboard and Navigation › User Experience Features › should show loading states appropriately" classname="dashboard.spec.js" time="7.101">
</testcase>
<testcase name="Dashboard and Navigation › User Experience Features › should handle errors gracefully" classname="dashboard.spec.js" time="10.009">
</testcase>
<testcase name="Dashboard and Navigation › User Experience Features › should be accessible with keyboard navigation @a11y" classname="dashboard.spec.js" time="6.628">
</testcase>
<testcase name="Dashboard and Navigation › Performance › should load dashboard within acceptable time @performance" classname="dashboard.spec.js" time="11.747">
<failure message="dashboard.spec.js:411:9 should load dashboard within acceptable time @performance" type="FAILURE">
<![CDATA[  [firefox] › dashboard.spec.js:411:9 › Dashboard and Navigation › Performance › should load dashboard within acceptable time @performance 

    Error: expect(locator).toBeVisible() failed

    Locator:  locator('#login-box')
    Expected: visible
    Received: <element(s) not found>
    Timeout:  5000ms

    Call log:
      - Expect "toBeVisible" with timeout 5000ms
      - waiting for locator('#login-box')


       at ../utils/auth-helper.js:19

      17 |   async gotoLogin() {
      18 |     await this.page.goto('/static/html/index.html');
    > 19 |     await expect(this.page.locator('#login-box')).toBeVisible();
         |                                                   ^
      20 |   }
      21 |
      22 |   /**
        at AuthHelper.gotoLogin (/home/snarky404/githubRepos/PIM_project/e2e/utils/auth-helper.js:19:51)
        at AuthHelper.login (/home/snarky404/githubRepos/PIM_project/e2e/utils/auth-helper.js:45:5)
        at /home/snarky404/githubRepos/PIM_project/e2e/tests/dashboard.spec.js:414:7

    attachment #1: screenshot (image/png) ──────────────────────────────────────────────────────────
    ../test-results/dashboard-Dashboard-and-Na-5bb4a-acceptable-time-performance-firefox/test-failed-1.png
    ────────────────────────────────────────────────────────────────────────────────────────────────

    attachment #2: video (video/webm) ──────────────────────────────────────────────────────────────
    ../test-results/dashboard-Dashboard-and-Na-5bb4a-acceptable-time-performance-firefox/video.webm
    ────────────────────────────────────────────────────────────────────────────────────────────────

    Error Context: ../test-results/dashboard-Dashboard-and-Na-5bb4a-acceptable-time-performance-firefox/error-context.md
]]>
</failure>
<system-out>
<![CDATA[
[[ATTACHMENT|test-results/dashboard-Dashboard-and-Na-5bb4a-acceptable-time-performance-firefox/test-failed-1.png]]

[[ATTACHMENT|test-results/dashboard-Dashboard-and-Na-5bb4a-acceptable-time-performance-firefox/video.webm]]

[[ATTACHMENT|test-results/dashboard-Dashboard-and-Na-5bb4a-acceptable-time-performance-firefox/error-context.md]]
]]>
</system-out>
</testcase>
<testcase name="Dashboard and Navigation › Performance › should handle large datasets gracefully" classname="dashboard.spec.js" time="5.263">
<system-out>
<![CDATA[Performance metrics: {
  memory: [1mnull[22m,
  timing: {
    navigationStart: [33m1757928760794[39m,
    unloadEventStart: [33m1757928760893[39m,
    unloadEventEnd: [33m1757928760894[39m,
    redirectStart: [33m0[39m,
    redirectEnd: [33m0[39m,
    fetchStart: [33m1757928760830[39m,
    domainLookupStart: [33m1757928760830[39m,
    domainLookupEnd: [33m1757928760830[39m,
    connectStart: [33m1757928760830[39m,
    connectEnd: [33m1757928760830[39m,
    secureConnectionStart: [33m0[39m,
    requestStart: [33m1757928760846[39m,
    responseStart: [33m1757928760849[39m,
    responseEnd: [33m1757928760858[39m,
    domLoading: [33m1757928760893[39m,
    domInteractive: [33m1757928761003[39m,
    domContentLoadedEventStart: [33m1757928761005[39m,
    domContentLoadedEventEnd: [33m1757928761011[39m,
    domComplete: [33m0[39m,
    loadEventStart: [33m0[39m,
    loadEventEnd: [33m0[39m
  }
}
]]>
</system-out>
</testcase>
</testsuite>
<testsuite name="auth.spec.js" timestamp="2025-09-15T09:31:37.401Z" hostname="webkit" tests="17" failures="1" skipped="0" time="77.285" errors="0">
<testcase name="Authentication › Login Flow › should display login form on initial load @smoke" classname="auth.spec.js" time="2.875">
</testcase>
<testcase name="Authentication › Login Flow › should successfully login with valid credentials @smoke" classname="auth.spec.js" time="3.656">
</testcase>
<testcase name="Authentication › Login Flow › should show error message with invalid credentials" classname="auth.spec.js" time="8.13">
<system-out>
<![CDATA[Expecting auth error message: [1mnull[22m for form: login
]]>
</system-out>
</testcase>
<testcase name="Authentication › Login Flow › should validate required fields" classname="auth.spec.js" time="2.88">
</testcase>
<testcase name="Authentication › Login Flow › should handle keyboard navigation" classname="auth.spec.js" time="4.435">
</testcase>
<testcase name="Authentication › Registration Flow › should toggle to registration form" classname="auth.spec.js" time="3.022">
</testcase>
<testcase name="Authentication › Registration Flow › should toggle back to login form" classname="auth.spec.js" time="3.685">
</testcase>
<testcase name="Authentication › Registration Flow › should register new user successfully" classname="auth.spec.js" time="4.15">
</testcase>
<testcase name="Authentication › Registration Flow › should prevent registration with existing username" classname="auth.spec.js" time="3.996">
<system-out>
<![CDATA[Expecting auth error message: already taken for form: register
]]>
</system-out>
</testcase>
<testcase name="Authentication › Registration Flow › should validate password requirements" classname="auth.spec.js" time="6.136">
</testcase>
<testcase name="Authentication › Session Management › should maintain session across page refreshes" classname="auth.spec.js" time="4.187">
</testcase>
<testcase name="Authentication › Session Management › should redirect unauthenticated users to login" classname="auth.spec.js" time="2.504">
</testcase>
<testcase name="Authentication › Session Management › should logout successfully" classname="auth.spec.js" time="9.622">
<failure message="auth.spec.js:196:9 should logout successfully" type="FAILURE">
<![CDATA[  [webkit] › auth.spec.js:196:9 › Authentication › Session Management › should logout successfully ─

    Error: expect(page).toHaveURL(expected) failed

    Expected pattern: /.*index\.html/
    Received string:  "http://localhost:8000/static/html/dashboard.html"
    Timeout: 5000ms

    Call log:
      - Expect "toHaveURL" with timeout 5000ms
        9 × unexpected value "http://localhost:8000/static/html/dashboard.html"


       at ../utils/auth-helper.js:118

      116 |     
      117 |     // Verify redirect to login page
    > 118 |     await expect(this.page).toHaveURL(/.*index\.html/);
          |                             ^
      119 |   }
      120 |
      121 |   /**
        at AuthHelper.logout (/home/snarky404/githubRepos/PIM_project/e2e/utils/auth-helper.js:118:29)
        at /home/snarky404/githubRepos/PIM_project/e2e/tests/auth.spec.js:201:7

    attachment #1: screenshot (image/png) ──────────────────────────────────────────────────────────
    ../test-results/auth-Authentication-Sessio-518e9--should-logout-successfully-webkit/test-failed-1.png
    ────────────────────────────────────────────────────────────────────────────────────────────────

    attachment #2: video (video/webm) ──────────────────────────────────────────────────────────────
    ../test-results/auth-Authentication-Sessio-518e9--should-logout-successfully-webkit/video.webm
    ────────────────────────────────────────────────────────────────────────────────────────────────

    Error Context: ../test-results/auth-Authentication-Sessio-518e9--should-logout-successfully-webkit/error-context.md
]]>
</failure>
<system-out>
<![CDATA[
[[ATTACHMENT|test-results/auth-Authentication-Sessio-518e9--should-logout-successfully-webkit/test-failed-1.png]]

[[ATTACHMENT|test-results/auth-Authentication-Sessio-518e9--should-logout-successfully-webkit/video.webm]]

[[ATTACHMENT|test-results/auth-Authentication-Sessio-518e9--should-logout-successfully-webkit/error-context.md]]
]]>
</system-out>
</testcase>
<testcase name="Authentication › Security Tests › should prevent XSS in login form" classname="auth.spec.js" time="5.037">
</testcase>
<testcase name="Authentication › Security Tests › should handle SQL injection attempts safely" classname="auth.spec.js" time="8.695">
</testcase>
<testcase name="Authentication › Accessibility › should be keyboard accessible @a11y" classname="auth.spec.js" time="2.088">
</testcase>
<testcase name="Authentication › Accessibility › should have proper ARIA labels and roles @a11y" classname="auth.spec.js" time="2.187">
</testcase>
</testsuite>
<testsuite name="crud.spec.js" timestamp="2025-09-15T09:31:37.401Z" hostname="webkit" tests="16" failures="0" skipped="0" time="113.186" errors="0">
<testcase name="CRUD Operations › Create Operations › should create a new note @smoke" classname="crud.spec.js" time="6.334">
<system-out>
<![CDATA[Create note form elements not found, testing navigation instead
]]>
</system-out>
</testcase>
<testcase name="CRUD Operations › Create Operations › should validate required fields when creating note" classname="crud.spec.js" time="8.096">
</testcase>
<testcase name="CRUD Operations › Create Operations › should create notes in different PARA categories" classname="crud.spec.js" time="17.368">
</testcase>
<testcase name="CRUD Operations › Read Operations › should view note details @smoke" classname="crud.spec.js" time="5.71">
</testcase>
<testcase name="CRUD Operations › Read Operations › should display notes list with proper information" classname="crud.spec.js" time="5.132">
</testcase>
<testcase name="CRUD Operations › Read Operations › should search and filter notes" classname="crud.spec.js" time="6.258">
</testcase>
<testcase name="CRUD Operations › Update Operations › should edit existing note" classname="crud.spec.js" time="7.728">
</testcase>
<testcase name="CRUD Operations › Update Operations › should handle concurrent edit scenarios" classname="crud.spec.js" time="6.37">
</testcase>
<testcase name="CRUD Operations › Delete Operations › should delete a note with confirmation" classname="crud.spec.js" time="6.508">
<system-out>
<![CDATA[No delete buttons found, testing delete functionality not available
]]>
</system-out>
</testcase>
<testcase name="CRUD Operations › Delete Operations › should prevent accidental deletion" classname="crud.spec.js" time="6.014">
</testcase>
<testcase name="CRUD Operations › Delete Operations › should handle bulk delete operations" classname="crud.spec.js" time="5.442">
</testcase>
<testcase name="CRUD Operations › Data Validation and Error Handling › should validate note title length" classname="crud.spec.js" time="6.869">
</testcase>
<testcase name="CRUD Operations › Data Validation and Error Handling › should handle special characters in content" classname="crud.spec.js" time="5.516">
</testcase>
<testcase name="CRUD Operations › Data Validation and Error Handling › should handle network errors gracefully" classname="crud.spec.js" time="5.335">
</testcase>
<testcase name="CRUD Operations › Performance and Scalability › should handle large content efficiently" classname="crud.spec.js" time="7.401">
</testcase>
<testcase name="CRUD Operations › Performance and Scalability › should maintain performance with many notes" classname="crud.spec.js" time="7.105">
</testcase>
</testsuite>
<testsuite name="dashboard.spec.js" timestamp="2025-09-15T09:31:37.401Z" hostname="webkit" tests="17" failures="1" skipped="0" time="122.367" errors="0">
<testcase name="Dashboard and Navigation › Dashboard Layout and Elements › should display dashboard with all key elements @smoke" classname="dashboard.spec.js" time="6.932">
</testcase>
<testcase name="Dashboard and Navigation › Dashboard Layout and Elements › should display PARA categories" classname="dashboard.spec.js" time="5.741">
</testcase>
<testcase name="Dashboard and Navigation › Dashboard Layout and Elements › should be responsive on different screen sizes" classname="dashboard.spec.js" time="6.848">
</testcase>
<testcase name="Dashboard and Navigation › Navigation Between Pages › should navigate to edit page @smoke" classname="dashboard.spec.js" time="7.065">
</testcase>
<testcase name="Dashboard and Navigation › Navigation Between Pages › should navigate to view page" classname="dashboard.spec.js" time="6.866">
</testcase>
<testcase name="Dashboard and Navigation › Navigation Between Pages › should maintain authentication across page navigation" classname="dashboard.spec.js" time="7.319">
</testcase>
<testcase name="Dashboard and Navigation › Navigation Between Pages › should handle browser back/forward navigation" classname="dashboard.spec.js" time="6.83">
</testcase>
<testcase name="Dashboard and Navigation › Search and Filter Functionality › should search for notes if search functionality exists" classname="dashboard.spec.js" time="5.909">
</testcase>
<testcase name="Dashboard and Navigation › Search and Filter Functionality › should filter by PARA categories if filter exists" classname="dashboard.spec.js" time="6.987">
</testcase>
<testcase name="Dashboard and Navigation › Notes/Items Display › should display existing notes if any exist" classname="dashboard.spec.js" time="6.921">
</testcase>
<testcase name="Dashboard and Navigation › Notes/Items Display › should handle empty state gracefully" classname="dashboard.spec.js" time="6.802">
</testcase>
<testcase name="Dashboard and Navigation › Notes/Items Display › should interact with note items if they exist" classname="dashboard.spec.js" time="6.786">
</testcase>
<testcase name="Dashboard and Navigation › User Experience Features › should show loading states appropriately" classname="dashboard.spec.js" time="5.539">
</testcase>
<testcase name="Dashboard and Navigation › User Experience Features › should handle errors gracefully" classname="dashboard.spec.js" time="10.651">
</testcase>
<testcase name="Dashboard and Navigation › User Experience Features › should be accessible with keyboard navigation @a11y" classname="dashboard.spec.js" time="6.704">
</testcase>
<testcase name="Dashboard and Navigation › Performance › should load dashboard within acceptable time @performance" classname="dashboard.spec.js" time="12.338">
<failure message="dashboard.spec.js:411:9 should load dashboard within acceptable time @performance" type="FAILURE">
<![CDATA[  [webkit] › dashboard.spec.js:411:9 › Dashboard and Navigation › Performance › should load dashboard within acceptable time @performance 

    Error: expect(locator).toBeVisible() failed

    Locator:  locator('#login-box')
    Expected: visible
    Received: <element(s) not found>
    Timeout:  5000ms

    Call log:
      - Expect "toBeVisible" with timeout 5000ms
      - waiting for locator('#login-box')


       at ../utils/auth-helper.js:19

      17 |   async gotoLogin() {
      18 |     await this.page.goto('/static/html/index.html');
    > 19 |     await expect(this.page.locator('#login-box')).toBeVisible();
         |                                                   ^
      20 |   }
      21 |
      22 |   /**
        at AuthHelper.gotoLogin (/home/snarky404/githubRepos/PIM_project/e2e/utils/auth-helper.js:19:51)
        at AuthHelper.login (/home/snarky404/githubRepos/PIM_project/e2e/utils/auth-helper.js:45:5)
        at /home/snarky404/githubRepos/PIM_project/e2e/tests/dashboard.spec.js:414:7

    attachment #1: screenshot (image/png) ──────────────────────────────────────────────────────────
    ../test-results/dashboard-Dashboard-and-Na-5bb4a-acceptable-time-performance-webkit/test-failed-1.png
    ────────────────────────────────────────────────────────────────────────────────────────────────

    attachment #2: video (video/webm) ──────────────────────────────────────────────────────────────
    ../test-results/dashboard-Dashboard-and-Na-5bb4a-acceptable-time-performance-webkit/video.webm
    ────────────────────────────────────────────────────────────────────────────────────────────────

    Error Context: ../test-results/dashboard-Dashboard-and-Na-5bb4a-acceptable-time-performance-webkit/error-context.md
]]>
</failure>
<system-out>
<![CDATA[
[[ATTACHMENT|test-results/dashboard-Dashboard-and-Na-5bb4a-acceptable-time-performance-webkit/test-failed-1.png]]

[[ATTACHMENT|test-results/dashboard-Dashboard-and-Na-5bb4a-acceptable-time-performance-webkit/video.webm]]

[[ATTACHMENT|test-results/dashboard-Dashboard-and-Na-5bb4a-acceptable-time-performance-webkit/error-context.md]]
]]>
</system-out>
</testcase>
<testcase name="Dashboard and Navigation › Performance › should handle large datasets gracefully" classname="dashboard.spec.js" time="6.129">
<system-out>
<![CDATA[Performance metrics: {
  memory: [1mnull[22m,
  timing: {
    navigationStart: [33m1757928793909[39m,
    unloadEventStart: [33m1757928793982[39m,
    unloadEventEnd: [33m1757928793982[39m,
    redirectStart: [33m0[39m,
    redirectEnd: [33m0[39m,
    fetchStart: [33m1757928793910[39m,
    domainLookupStart: [33m1757928793910[39m,
    domainLookupEnd: [33m1757928793910[39m,
    connectStart: [33m1757928793910[39m,
    connectEnd: [33m1757928793910[39m,
    secureConnectionStart: [33m0[39m,
    requestStart: [33m1757928793910[39m,
    responseStart: [33m1757928793935[39m,
    responseEnd: [33m1757928793935[39m,
    domLoading: [33m1757928793985[39m,
    domInteractive: [33m1757928793997[39m,
    domContentLoadedEventStart: [33m1757928793997[39m,
    domContentLoadedEventEnd: [33m1757928794000[39m,
    domComplete: [33m1757928794085[39m,
    loadEventStart: [33m1757928794085[39m,
    loadEventEnd: [33m1757928794085[39m
  }
}
]]>
</system-out>
</testcase>
</testsuite>
<testsuite name="auth.spec.js" timestamp="2025-09-15T09:31:37.401Z" hostname="Mobile Chrome" tests="17" failures="1" skipped="0" time="63.287" errors="0">
<testcase name="Authentication › Login Flow › should display login form on initial load @smoke" classname="auth.spec.js" time="2.259">
</testcase>
<testcase name="Authentication › Login Flow › should successfully login with valid credentials @smoke" classname="auth.spec.js" time="3.997">
</testcase>
<testcase name="Authentication › Login Flow › should show error message with invalid credentials" classname="auth.spec.js" time="7.691">
<system-out>
<![CDATA[Expecting auth error message: [1mnull[22m for form: login
]]>
</system-out>
</testcase>
<testcase name="Authentication › Login Flow › should validate required fields" classname="auth.spec.js" time="2.445">
</testcase>
<testcase name="Authentication › Login Flow › should handle keyboard navigation" classname="auth.spec.js" time="4.823">
</testcase>
<testcase name="Authentication › Registration Flow › should toggle to registration form" classname="auth.spec.js" time="2.388">
</testcase>
<testcase name="Authentication › Registration Flow › should toggle back to login form" classname="auth.spec.js" time="2.232">
</testcase>
<testcase name="Authentication › Registration Flow › should register new user successfully" classname="auth.spec.js" time="3.019">
</testcase>
<testcase name="Authentication › Registration Flow › should prevent registration with existing username" classname="auth.spec.js" time="1.975">
<system-out>
<![CDATA[Expecting auth error message: already taken for form: register
]]>
</system-out>
</testcase>
<testcase name="Authentication › Registration Flow › should validate password requirements" classname="auth.spec.js" time="4.98">
</testcase>
<testcase name="Authentication › Session Management › should maintain session across page refreshes" classname="auth.spec.js" time="2.09">
</testcase>
<testcase name="Authentication › Session Management › should redirect unauthenticated users to login" classname="auth.spec.js" time="1.665">
</testcase>
<testcase name="Authentication › Session Management › should logout successfully" classname="auth.spec.js" time="7.886">
<failure message="auth.spec.js:196:9 should logout successfully" type="FAILURE">
<![CDATA[  [Mobile Chrome] › auth.spec.js:196:9 › Authentication › Session Management › should logout successfully 

    Error: expect(page).toHaveURL(expected) failed

    Expected pattern: /.*index\.html/
    Received string:  "http://localhost:8000/static/html/dashboard.html"
    Timeout: 5000ms

    Call log:
      - Expect "toHaveURL" with timeout 5000ms
        9 × unexpected value "http://localhost:8000/static/html/dashboard.html"


       at ../utils/auth-helper.js:118

      116 |     
      117 |     // Verify redirect to login page
    > 118 |     await expect(this.page).toHaveURL(/.*index\.html/);
          |                             ^
      119 |   }
      120 |
      121 |   /**
        at AuthHelper.logout (/home/snarky404/githubRepos/PIM_project/e2e/utils/auth-helper.js:118:29)
        at /home/snarky404/githubRepos/PIM_project/e2e/tests/auth.spec.js:201:7

    attachment #1: screenshot (image/png) ──────────────────────────────────────────────────────────
    ../test-results/auth-Authentication-Sessio-518e9--should-logout-successfully-Mobile-Chrome/test-failed-1.png
    ────────────────────────────────────────────────────────────────────────────────────────────────

    attachment #2: video (video/webm) ──────────────────────────────────────────────────────────────
    ../test-results/auth-Authentication-Sessio-518e9--should-logout-successfully-Mobile-Chrome/video.webm
    ────────────────────────────────────────────────────────────────────────────────────────────────

    Error Context: ../test-results/auth-Authentication-Sessio-518e9--should-logout-successfully-Mobile-Chrome/error-context.md
]]>
</failure>
<system-out>
<![CDATA[
[[ATTACHMENT|test-results/auth-Authentication-Sessio-518e9--should-logout-successfully-Mobile-Chrome/test-failed-1.png]]

[[ATTACHMENT|test-results/auth-Authentication-Sessio-518e9--should-logout-successfully-Mobile-Chrome/video.webm]]

[[ATTACHMENT|test-results/auth-Authentication-Sessio-518e9--should-logout-successfully-Mobile-Chrome/error-context.md]]
]]>
</system-out>
</testcase>
<testcase name="Authentication › Security Tests › should prevent XSS in login form" classname="auth.spec.js" time="3.719">
</testcase>
<testcase name="Authentication › Security Tests › should handle SQL injection attempts safely" classname="auth.spec.js" time="7.346">
</testcase>
<testcase name="Authentication › Accessibility › should be keyboard accessible @a11y" classname="auth.spec.js" time="2.669">
</testcase>
<testcase name="Authentication › Accessibility › should have proper ARIA labels and roles @a11y" classname="auth.spec.js" time="2.103">
</testcase>
</testsuite>
<testsuite name="crud.spec.js" timestamp="2025-09-15T09:31:37.401Z" hostname="Mobile Chrome" tests="16" failures="0" skipped="0" time="91.213" errors="0">
<testcase name="CRUD Operations › Create Operations › should create a new note @smoke" classname="crud.spec.js" time="3.207">
<system-out>
<![CDATA[Create note form elements not found, testing navigation instead
]]>
</system-out>
</testcase>
<testcase name="CRUD Operations › Create Operations › should validate required fields when creating note" classname="crud.spec.js" time="3.926">
</testcase>
<testcase name="CRUD Operations › Create Operations › should create notes in different PARA categories" classname="crud.spec.js" time="13.957">
</testcase>
<testcase name="CRUD Operations › Read Operations › should view note details @smoke" classname="crud.spec.js" time="4.365">
</testcase>
<testcase name="CRUD Operations › Read Operations › should display notes list with proper information" classname="crud.spec.js" time="4.116">
</testcase>
<testcase name="CRUD Operations › Read Operations › should search and filter notes" classname="crud.spec.js" time="5.061">
</testcase>
<testcase name="CRUD Operations › Update Operations › should edit existing note" classname="crud.spec.js" time="7.207">
</testcase>
<testcase name="CRUD Operations › Update Operations › should handle concurrent edit scenarios" classname="crud.spec.js" time="5.752">
</testcase>
<testcase name="CRUD Operations › Delete Operations › should delete a note with confirmation" classname="crud.spec.js" time="5.444">
<system-out>
<![CDATA[No delete buttons found, testing delete functionality not available
]]>
</system-out>
</testcase>
<testcase name="CRUD Operations › Delete Operations › should prevent accidental deletion" classname="crud.spec.js" time="5.262">
</testcase>
<testcase name="CRUD Operations › Delete Operations › should handle bulk delete operations" classname="crud.spec.js" time="4.609">
</testcase>
<testcase name="CRUD Operations › Data Validation and Error Handling › should validate note title length" classname="crud.spec.js" time="6.24">
</testcase>
<testcase name="CRUD Operations › Data Validation and Error Handling › should handle special characters in content" classname="crud.spec.js" time="4.842">
</testcase>
<testcase name="CRUD Operations › Data Validation and Error Handling › should handle network errors gracefully" classname="crud.spec.js" time="6.264">
</testcase>
<testcase name="CRUD Operations › Performance and Scalability › should handle large content efficiently" classname="crud.spec.js" time="5.941">
</testcase>
<testcase name="CRUD Operations › Performance and Scalability › should maintain performance with many notes" classname="crud.spec.js" time="5.02">
</testcase>
</testsuite>
<testsuite name="dashboard.spec.js" timestamp="2025-09-15T09:31:37.401Z" hostname="Mobile Chrome" tests="17" failures="1" skipped="0" time="102.03" errors="0">
<testcase name="Dashboard and Navigation › Dashboard Layout and Elements › should display dashboard with all key elements @smoke" classname="dashboard.spec.js" time="5.447">
</testcase>
<testcase name="Dashboard and Navigation › Dashboard Layout and Elements › should display PARA categories" classname="dashboard.spec.js" time="5.319">
</testcase>
<testcase name="Dashboard and Navigation › Dashboard Layout and Elements › should be responsive on different screen sizes" classname="dashboard.spec.js" time="6.079">
</testcase>
<testcase name="Dashboard and Navigation › Navigation Between Pages › should navigate to edit page @smoke" classname="dashboard.spec.js" time="5.54">
</testcase>
<testcase name="Dashboard and Navigation › Navigation Between Pages › should navigate to view page" classname="dashboard.spec.js" time="6.27">
</testcase>
<testcase name="Dashboard and Navigation › Navigation Between Pages › should maintain authentication across page navigation" classname="dashboard.spec.js" time="5.966">
</testcase>
<testcase name="Dashboard and Navigation › Navigation Between Pages › should handle browser back/forward navigation" classname="dashboard.spec.js" time="5.877">
</testcase>
<testcase name="Dashboard and Navigation › Search and Filter Functionality › should search for notes if search functionality exists" classname="dashboard.spec.js" time="6.014">
</testcase>
<testcase name="Dashboard and Navigation › Search and Filter Functionality › should filter by PARA categories if filter exists" classname="dashboard.spec.js" time="5.37">
</testcase>
<testcase name="Dashboard and Navigation › Notes/Items Display › should display existing notes if any exist" classname="dashboard.spec.js" time="5.257">
</testcase>
<testcase name="Dashboard and Navigation › Notes/Items Display › should handle empty state gracefully" classname="dashboard.spec.js" time="5.821">
</testcase>
<testcase name="Dashboard and Navigation › Notes/Items Display › should interact with note items if they exist" classname="dashboard.spec.js" time="5.735">
</testcase>
<testcase name="Dashboard and Navigation › User Experience Features › should show loading states appropriately" classname="dashboard.spec.js" time="6.854">
</testcase>
<testcase name="Dashboard and Navigation › User Experience Features › should handle errors gracefully" classname="dashboard.spec.js" time="8.834">
</testcase>
<testcase name="Dashboard and Navigation › User Experience Features › should be accessible with keyboard navigation @a11y" classname="dashboard.spec.js" time="4.294">
</testcase>
<testcase name="Dashboard and Navigation › Performance › should load dashboard within acceptable time @performance" classname="dashboard.spec.js" time="9.363">
<failure message="dashboard.spec.js:411:9 should load dashboard within acceptable time @performance" type="FAILURE">
<![CDATA[  [Mobile Chrome] › dashboard.spec.js:411:9 › Dashboard and Navigation › Performance › should load dashboard within acceptable time @performance 

    Error: expect(locator).toBeVisible() failed

    Locator:  locator('#login-box')
    Expected: visible
    Received: <element(s) not found>
    Timeout:  5000ms

    Call log:
      - Expect "toBeVisible" with timeout 5000ms
      - waiting for locator('#login-box')


       at ../utils/auth-helper.js:19

      17 |   async gotoLogin() {
      18 |     await this.page.goto('/static/html/index.html');
    > 19 |     await expect(this.page.locator('#login-box')).toBeVisible();
         |                                                   ^
      20 |   }
      21 |
      22 |   /**
        at AuthHelper.gotoLogin (/home/snarky404/githubRepos/PIM_project/e2e/utils/auth-helper.js:19:51)
        at AuthHelper.login (/home/snarky404/githubRepos/PIM_project/e2e/utils/auth-helper.js:45:5)
        at /home/snarky404/githubRepos/PIM_project/e2e/tests/dashboard.spec.js:414:7

    attachment #1: screenshot (image/png) ──────────────────────────────────────────────────────────
    ../test-results/dashboard-Dashboard-and-Na-5bb4a-acceptable-time-performance-Mobile-Chrome/test-failed-1.png
    ────────────────────────────────────────────────────────────────────────────────────────────────

    attachment #2: video (video/webm) ──────────────────────────────────────────────────────────────
    ../test-results/dashboard-Dashboard-and-Na-5bb4a-acceptable-time-performance-Mobile-Chrome/video.webm
    ────────────────────────────────────────────────────────────────────────────────────────────────

    Error Context: ../test-results/dashboard-Dashboard-and-Na-5bb4a-acceptable-time-performance-Mobile-Chrome/error-context.md
]]>
</failure>
<system-out>
<![CDATA[
[[ATTACHMENT|test-results/dashboard-Dashboard-and-Na-5bb4a-acceptable-time-performance-Mobile-Chrome/test-failed-1.png]]

[[ATTACHMENT|test-results/dashboard-Dashboard-and-Na-5bb4a-acceptable-time-performance-Mobile-Chrome/video.webm]]

[[ATTACHMENT|test-results/dashboard-Dashboard-and-Na-5bb4a-acceptable-time-performance-Mobile-Chrome/error-context.md]]
]]>
</system-out>
</testcase>
<testcase name="Dashboard and Navigation › Performance › should handle large datasets gracefully" classname="dashboard.spec.js" time="3.99">
<system-out>
<![CDATA[Performance metrics: {
  memory: { usedJSHeapSize: [33m10000000[39m, totalJSHeapSize: [33m10000000[39m },
  timing: {
    connectStart: [33m1757928819332[39m,
    secureConnectionStart: [33m0[39m,
    unloadEventEnd: [33m1757928819345[39m,
    domainLookupStart: [33m1757928819332[39m,
    domainLookupEnd: [33m1757928819332[39m,
    responseStart: [33m1757928819341[39m,
    connectEnd: [33m1757928819332[39m,
    responseEnd: [33m1757928819386[39m,
    requestStart: [33m1757928819334[39m,
    domLoading: [33m1757928819346[39m,
    redirectStart: [33m0[39m,
    loadEventEnd: [33m1757928819443[39m,
    domComplete: [33m1757928819443[39m,
    navigationStart: [33m1757928819331[39m,
    loadEventStart: [33m1757928819443[39m,
    domContentLoadedEventEnd: [33m1757928819393[39m,
    unloadEventStart: [33m1757928819345[39m,
    redirectEnd: [33m0[39m,
    domInteractive: [33m1757928819391[39m,
    fetchStart: [33m1757928819332[39m,
    domContentLoadedEventStart: [33m1757928819391[39m
  }
}
]]>
</system-out>
</testcase>
</testsuite>
<testsuite name="auth.spec.js" timestamp="2025-09-15T09:31:37.401Z" hostname="Mobile Safari" tests="17" failures="1" skipped="0" time="68.937" errors="0">
<testcase name="Authentication › Login Flow › should display login form on initial load @smoke" classname="auth.spec.js" time="2.626">
</testcase>
<testcase name="Authentication › Login Flow › should successfully login with valid credentials @smoke" classname="auth.spec.js" time="3.522">
</testcase>
<testcase name="Authentication › Login Flow › should show error message with invalid credentials" classname="auth.spec.js" time="8.234">
<system-out>
<![CDATA[Expecting auth error message: [1mnull[22m for form: login
]]>
</system-out>
</testcase>
<testcase name="Authentication › Login Flow › should validate required fields" classname="auth.spec.js" time="2.87">
</testcase>
<testcase name="Authentication › Login Flow › should handle keyboard navigation" classname="auth.spec.js" time="5.358">
</testcase>
<testcase name="Authentication › Registration Flow › should toggle to registration form" classname="auth.spec.js" time="2.086">
</testcase>
<testcase name="Authentication › Registration Flow › should toggle back to login form" classname="auth.spec.js" time="2.793">
</testcase>
<testcase name="Authentication › Registration Flow › should register new user successfully" classname="auth.spec.js" time="3.359">
</testcase>
<testcase name="Authentication › Registration Flow › should prevent registration with existing username" classname="auth.spec.js" time="3.255">
<system-out>
<![CDATA[Expecting auth error message: already taken for form: register
]]>
</system-out>
</testcase>
<testcase name="Authentication › Registration Flow › should validate password requirements" classname="auth.spec.js" time="5.12">
</testcase>
<testcase name="Authentication › Session Management › should maintain session across page refreshes" classname="auth.spec.js" time="2.909">
</testcase>
<testcase name="Authentication › Session Management › should redirect unauthenticated users to login" classname="auth.spec.js" time="1.843">
</testcase>
<testcase name="Authentication › Session Management › should logout successfully" classname="auth.spec.js" time="8.299">
<failure message="auth.spec.js:196:9 should logout successfully" type="FAILURE">
<![CDATA[  [Mobile Safari] › auth.spec.js:196:9 › Authentication › Session Management › should logout successfully 

    Error: expect(page).toHaveURL(expected) failed

    Expected pattern: /.*index\.html/
    Received string:  "http://localhost:8000/static/html/dashboard.html"
    Timeout: 5000ms

    Call log:
      - Expect "toHaveURL" with timeout 5000ms
        9 × unexpected value "http://localhost:8000/static/html/dashboard.html"


       at ../utils/auth-helper.js:118

      116 |     
      117 |     // Verify redirect to login page
    > 118 |     await expect(this.page).toHaveURL(/.*index\.html/);
          |                             ^
      119 |   }
      120 |
      121 |   /**
        at AuthHelper.logout (/home/snarky404/githubRepos/PIM_project/e2e/utils/auth-helper.js:118:29)
        at /home/snarky404/githubRepos/PIM_project/e2e/tests/auth.spec.js:201:7

    attachment #1: screenshot (image/png) ──────────────────────────────────────────────────────────
    ../test-results/auth-Authentication-Sessio-518e9--should-logout-successfully-Mobile-Safari/test-failed-1.png
    ────────────────────────────────────────────────────────────────────────────────────────────────

    attachment #2: video (video/webm) ──────────────────────────────────────────────────────────────
    ../test-results/auth-Authentication-Sessio-518e9--should-logout-successfully-Mobile-Safari/video.webm
    ────────────────────────────────────────────────────────────────────────────────────────────────

    Error Context: ../test-results/auth-Authentication-Sessio-518e9--should-logout-successfully-Mobile-Safari/error-context.md
]]>
</failure>
<system-out>
<![CDATA[
[[ATTACHMENT|test-results/auth-Authentication-Sessio-518e9--should-logout-successfully-Mobile-Safari/test-failed-1.png]]

[[ATTACHMENT|test-results/auth-Authentication-Sessio-518e9--should-logout-successfully-Mobile-Safari/video.webm]]

[[ATTACHMENT|test-results/auth-Authentication-Sessio-518e9--should-logout-successfully-Mobile-Safari/error-context.md]]
]]>
</system-out>
</testcase>
<testcase name="Authentication › Security Tests › should prevent XSS in login form" classname="auth.spec.js" time="4.54">
</testcase>
<testcase name="Authentication › Security Tests › should handle SQL injection attempts safely" classname="auth.spec.js" time="7.756">
</testcase>
<testcase name="Authentication › Accessibility › should be keyboard accessible @a11y" classname="auth.spec.js" time="2.185">
</testcase>
<testcase name="Authentication › Accessibility › should have proper ARIA labels and roles @a11y" classname="auth.spec.js" time="2.182">
</testcase>
</testsuite>
<testsuite name="crud.spec.js" timestamp="2025-09-15T09:31:37.401Z" hostname="Mobile Safari" tests="16" failures="0" skipped="0" time="91.986" errors="0">
<testcase name="CRUD Operations › Create Operations › should create a new note @smoke" classname="crud.spec.js" time="3.367">
<system-out>
<![CDATA[Create note form elements not found, testing navigation instead
]]>
</system-out>
</testcase>
<testcase name="CRUD Operations › Create Operations › should validate required fields when creating note" classname="crud.spec.js" time="4.84">
</testcase>
<testcase name="CRUD Operations › Create Operations › should create notes in different PARA categories" classname="crud.spec.js" time="18.237">
</testcase>
<testcase name="CRUD Operations › Read Operations › should view note details @smoke" classname="crud.spec.js" time="5.066">
</testcase>
<testcase name="CRUD Operations › Read Operations › should display notes list with proper information" classname="crud.spec.js" time="5.213">
</testcase>
<testcase name="CRUD Operations › Read Operations › should search and filter notes" classname="crud.spec.js" time="6.063">
</testcase>
<testcase name="CRUD Operations › Update Operations › should edit existing note" classname="crud.spec.js" time="7.098">
</testcase>
<testcase name="CRUD Operations › Update Operations › should handle concurrent edit scenarios" classname="crud.spec.js" time="4.681">
</testcase>
<testcase name="CRUD Operations › Delete Operations › should delete a note with confirmation" classname="crud.spec.js" time="4.036">
<system-out>
<![CDATA[No delete buttons found, testing delete functionality not available
]]>
</system-out>
</testcase>
<testcase name="CRUD Operations › Delete Operations › should prevent accidental deletion" classname="crud.spec.js" time="3.583">
</testcase>
<testcase name="CRUD Operations › Delete Operations › should handle bulk delete operations" classname="crud.spec.js" time="5.174">
</testcase>
<testcase name="CRUD Operations › Data Validation and Error Handling › should validate note title length" classname="crud.spec.js" time="4.543">
</testcase>
<testcase name="CRUD Operations › Data Validation and Error Handling › should handle special characters in content" classname="crud.spec.js" time="4.534">
</testcase>
<testcase name="CRUD Operations › Data Validation and Error Handling › should handle network errors gracefully" classname="crud.spec.js" time="6.484">
</testcase>
<testcase name="CRUD Operations › Performance and Scalability › should handle large content efficiently" classname="crud.spec.js" time="4.597">
</testcase>
<testcase name="CRUD Operations › Performance and Scalability › should maintain performance with many notes" classname="crud.spec.js" time="4.47">
</testcase>
</testsuite>
<testsuite name="dashboard.spec.js" timestamp="2025-09-15T09:31:37.401Z" hostname="Mobile Safari" tests="17" failures="1" skipped="0" time="107.365" errors="0">
<testcase name="Dashboard and Navigation › Dashboard Layout and Elements › should display dashboard with all key elements @smoke" classname="dashboard.spec.js" time="5.867">
</testcase>
<testcase name="Dashboard and Navigation › Dashboard Layout and Elements › should display PARA categories" classname="dashboard.spec.js" time="5.715">
</testcase>
<testcase name="Dashboard and Navigation › Dashboard Layout and Elements › should be responsive on different screen sizes" classname="dashboard.spec.js" time="6.742">
</testcase>
<testcase name="Dashboard and Navigation › Navigation Between Pages › should navigate to edit page @smoke" classname="dashboard.spec.js" time="5.899">
</testcase>
<testcase name="Dashboard and Navigation › Navigation Between Pages › should navigate to view page" classname="dashboard.spec.js" time="6.342">
</testcase>
<testcase name="Dashboard and Navigation › Navigation Between Pages › should maintain authentication across page navigation" classname="dashboard.spec.js" time="6.661">
</testcase>
<testcase name="Dashboard and Navigation › Navigation Between Pages › should handle browser back/forward navigation" classname="dashboard.spec.js" time="6.67">
</testcase>
<testcase name="Dashboard and Navigation › Search and Filter Functionality › should search for notes if search functionality exists" classname="dashboard.spec.js" time="6.724">
</testcase>
<testcase name="Dashboard and Navigation › Search and Filter Functionality › should filter by PARA categories if filter exists" classname="dashboard.spec.js" time="4.812">
</testcase>
<testcase name="Dashboard and Navigation › Notes/Items Display › should display existing notes if any exist" classname="dashboard.spec.js" time="5.87">
</testcase>
<testcase name="Dashboard and Navigation › Notes/Items Display › should handle empty state gracefully" classname="dashboard.spec.js" time="5.801">
</testcase>
<testcase name="Dashboard and Navigation › Notes/Items Display › should interact with note items if they exist" classname="dashboard.spec.js" time="5.141">
</testcase>
<testcase name="Dashboard and Navigation › User Experience Features › should show loading states appropriately" classname="dashboard.spec.js" time="5.911">
</testcase>
<testcase name="Dashboard and Navigation › User Experience Features › should handle errors gracefully" classname="dashboard.spec.js" time="8.709">
</testcase>
<testcase name="Dashboard and Navigation › User Experience Features › should be accessible with keyboard navigation @a11y" classname="dashboard.spec.js" time="5.579">
</testcase>
<testcase name="Dashboard and Navigation › Performance › should load dashboard within acceptable time @performance" classname="dashboard.spec.js" time="10.384">
<failure message="dashboard.spec.js:411:9 should load dashboard within acceptable time @performance" type="FAILURE">
<![CDATA[  [Mobile Safari] › dashboard.spec.js:411:9 › Dashboard and Navigation › Performance › should load dashboard within acceptable time @performance 

    Error: expect(locator).toBeVisible() failed

    Locator:  locator('#login-box')
    Expected: visible
    Received: <element(s) not found>
    Timeout:  5000ms

    Call log:
      - Expect "toBeVisible" with timeout 5000ms
      - waiting for locator('#login-box')
        - waiting for navigation to finish...
        - navigated to "http://localhost:8000/static/html/dashboard.html"


       at ../utils/auth-helper.js:19

      17 |   async gotoLogin() {
      18 |     await this.page.goto('/static/html/index.html');
    > 19 |     await expect(this.page.locator('#login-box')).toBeVisible();
         |                                                   ^
      20 |   }
      21 |
      22 |   /**
        at AuthHelper.gotoLogin (/home/snarky404/githubRepos/PIM_project/e2e/utils/auth-helper.js:19:51)
        at AuthHelper.login (/home/snarky404/githubRepos/PIM_project/e2e/utils/auth-helper.js:45:5)
        at /home/snarky404/githubRepos/PIM_project/e2e/tests/dashboard.spec.js:414:7

    attachment #1: screenshot (image/png) ──────────────────────────────────────────────────────────
    ../test-results/dashboard-Dashboard-and-Na-5bb4a-acceptable-time-performance-Mobile-Safari/test-failed-1.png
    ────────────────────────────────────────────────────────────────────────────────────────────────

    attachment #2: video (video/webm) ──────────────────────────────────────────────────────────────
    ../test-results/dashboard-Dashboard-and-Na-5bb4a-acceptable-time-performance-Mobile-Safari/video.webm
    ────────────────────────────────────────────────────────────────────────────────────────────────

    Error Context: ../test-results/dashboard-Dashboard-and-Na-5bb4a-acceptable-time-performance-Mobile-Safari/error-context.md
]]>
</failure>
<system-out>
<![CDATA[
[[ATTACHMENT|test-results/dashboard-Dashboard-and-Na-5bb4a-acceptable-time-performance-Mobile-Safari/test-failed-1.png]]

[[ATTACHMENT|test-results/dashboard-Dashboard-and-Na-5bb4a-acceptable-time-performance-Mobile-Safari/video.webm]]

[[ATTACHMENT|test-results/dashboard-Dashboard-and-Na-5bb4a-acceptable-time-performance-Mobile-Safari/error-context.md]]
]]>
</system-out>
</testcase>
<testcase name="Dashboard and Navigation › Performance › should handle large datasets gracefully" classname="dashboard.spec.js" time="4.538">
<system-out>
<![CDATA[Performance metrics: {
  memory: [1mnull[22m,
  timing: {
    navigationStart: [33m1757928845910[39m,
    unloadEventStart: [33m1757928845976[39m,
    unloadEventEnd: [33m1757928845976[39m,
    redirectStart: [33m0[39m,
    redirectEnd: [33m0[39m,
    fetchStart: [33m1757928845911[39m,
    domainLookupStart: [33m1757928845911[39m,
    domainLookupEnd: [33m1757928845911[39m,
    connectStart: [33m1757928845911[39m,
    connectEnd: [33m1757928845911[39m,
    secureConnectionStart: [33m0[39m,
    requestStart: [33m1757928845911[39m,
    responseStart: [33m1757928845924[39m,
    responseEnd: [33m1757928845924[39m,
    domLoading: [33m1757928845981[39m,
    domInteractive: [33m1757928846000[39m,
    domContentLoadedEventStart: [33m1757928846000[39m,
    domContentLoadedEventEnd: [33m1757928846003[39m,
    domComplete: [33m1757928846099[39m,
    loadEventStart: [33m1757928846099[39m,
    loadEventEnd: [33m1757928846099[39m
  }
}
]]>
</system-out>
</testcase>
</testsuite>
<testsuite name="auth.spec.js" timestamp="2025-09-15T09:31:37.401Z" hostname="Tablet" tests="17" failures="1" skipped="0" time="56.811" errors="0">
<testcase name="Authentication › Login Flow › should display login form on initial load @smoke" classname="auth.spec.js" time="1.715">
</testcase>
<testcase name="Authentication › Login Flow › should successfully login with valid credentials @smoke" classname="auth.spec.js" time="3.089">
</testcase>
<testcase name="Authentication › Login Flow › should show error message with invalid credentials" classname="auth.spec.js" time="7.15">
<system-out>
<![CDATA[Expecting auth error message: [1mnull[22m for form: login
]]>
</system-out>
</testcase>
<testcase name="Authentication › Login Flow › should validate required fields" classname="auth.spec.js" time="1.584">
</testcase>
<testcase name="Authentication › Login Flow › should handle keyboard navigation" classname="auth.spec.js" time="4.035">
</testcase>
<testcase name="Authentication › Registration Flow › should toggle to registration form" classname="auth.spec.js" time="1.738">
</testcase>
<testcase name="Authentication › Registration Flow › should toggle back to login form" classname="auth.spec.js" time="2.2">
</testcase>
<testcase name="Authentication › Registration Flow › should register new user successfully" classname="auth.spec.js" time="2.697">
</testcase>
<testcase name="Authentication › Registration Flow › should prevent registration with existing username" classname="auth.spec.js" time="2.082">
<system-out>
<![CDATA[Expecting auth error message: already taken for form: register
]]>
</system-out>
</testcase>
<testcase name="Authentication › Registration Flow › should validate password requirements" classname="auth.spec.js" time="5.064">
</testcase>
<testcase name="Authentication › Session Management › should maintain session across page refreshes" classname="auth.spec.js" time="2.75">
</testcase>
<testcase name="Authentication › Session Management › should redirect unauthenticated users to login" classname="auth.spec.js" time="1.668">
</testcase>
<testcase name="Authentication › Session Management › should logout successfully" classname="auth.spec.js" time="7.625">
<failure message="auth.spec.js:196:9 should logout successfully" type="FAILURE">
<![CDATA[  [Tablet] › auth.spec.js:196:9 › Authentication › Session Management › should logout successfully ─

    Error: expect(page).toHaveURL(expected) failed

    Expected pattern: /.*index\.html/
    Received string:  "http://localhost:8000/static/html/dashboard.html"
    Timeout: 5000ms

    Call log:
      - Expect "toHaveURL" with timeout 5000ms
        9 × unexpected value "http://localhost:8000/static/html/dashboard.html"


       at ../utils/auth-helper.js:118

      116 |     
      117 |     // Verify redirect to login page
    > 118 |     await expect(this.page).toHaveURL(/.*index\.html/);
          |                             ^
      119 |   }
      120 |
      121 |   /**
        at AuthHelper.logout (/home/snarky404/githubRepos/PIM_project/e2e/utils/auth-helper.js:118:29)
        at /home/snarky404/githubRepos/PIM_project/e2e/tests/auth.spec.js:201:7

    attachment #1: screenshot (image/png) ──────────────────────────────────────────────────────────
    ../test-results/auth-Authentication-Sessio-518e9--should-logout-successfully-Tablet/test-failed-1.png
    ────────────────────────────────────────────────────────────────────────────────────────────────

    attachment #2: video (video/webm) ──────────────────────────────────────────────────────────────
    ../test-results/auth-Authentication-Sessio-518e9--should-logout-successfully-Tablet/video.webm
    ────────────────────────────────────────────────────────────────────────────────────────────────

    Error Context: ../test-results/auth-Authentication-Sessio-518e9--should-logout-successfully-Tablet/error-context.md
]]>
</failure>
<system-out>
<![CDATA[
[[ATTACHMENT|test-results/auth-Authentication-Sessio-518e9--should-logout-successfully-Tablet/test-failed-1.png]]

[[ATTACHMENT|test-results/auth-Authentication-Sessio-518e9--should-logout-successfully-Tablet/video.webm]]

[[ATTACHMENT|test-results/auth-Authentication-Sessio-518e9--should-logout-successfully-Tablet/error-context.md]]
]]>
</system-out>
</testcase>
<testcase name="Authentication › Security Tests › should prevent XSS in login form" classname="auth.spec.js" time="3.522">
</testcase>
<testcase name="Authentication › Security Tests › should handle SQL injection attempts safely" classname="auth.spec.js" time="7.05">
</testcase>
<testcase name="Authentication › Accessibility › should be keyboard accessible @a11y" classname="auth.spec.js" time="1.651">
</testcase>
<testcase name="Authentication › Accessibility › should have proper ARIA labels and roles @a11y" classname="auth.spec.js" time="1.191">
</testcase>
</testsuite>
<testsuite name="crud.spec.js" timestamp="2025-09-15T09:31:37.401Z" hostname="Tablet" tests="16" failures="0" skipped="0" time="80.029" errors="0">
<testcase name="CRUD Operations › Create Operations › should create a new note @smoke" classname="crud.spec.js" time="2.365">
<system-out>
<![CDATA[Create note form elements not found, testing navigation instead
]]>
</system-out>
</testcase>
<testcase name="CRUD Operations › Create Operations › should validate required fields when creating note" classname="crud.spec.js" time="4.898">
</testcase>
<testcase name="CRUD Operations › Create Operations › should create notes in different PARA categories" classname="crud.spec.js" time="12.863">
</testcase>
<testcase name="CRUD Operations › Read Operations › should view note details @smoke" classname="crud.spec.js" time="3.2">
</testcase>
<testcase name="CRUD Operations › Read Operations › should display notes list with proper information" classname="crud.spec.js" time="3.671">
</testcase>
<testcase name="CRUD Operations › Read Operations › should search and filter notes" classname="crud.spec.js" time="4.823">
</testcase>
<testcase name="CRUD Operations › Update Operations › should edit existing note" classname="crud.spec.js" time="5.717">
</testcase>
<testcase name="CRUD Operations › Update Operations › should handle concurrent edit scenarios" classname="crud.spec.js" time="4.368">
</testcase>
<testcase name="CRUD Operations › Delete Operations › should delete a note with confirmation" classname="crud.spec.js" time="3.496">
<system-out>
<![CDATA[No delete buttons found, testing delete functionality not available
]]>
</system-out>
</testcase>
<testcase name="CRUD Operations › Delete Operations › should prevent accidental deletion" classname="crud.spec.js" time="4.633">
</testcase>
<testcase name="CRUD Operations › Delete Operations › should handle bulk delete operations" classname="crud.spec.js" time="4.379">
</testcase>
<testcase name="CRUD Operations › Data Validation and Error Handling › should validate note title length" classname="crud.spec.js" time="3.182">
</testcase>
<testcase name="CRUD Operations › Data Validation and Error Handling › should handle special characters in content" classname="crud.spec.js" time="3.773">
</testcase>
<testcase name="CRUD Operations › Data Validation and Error Handling › should handle network errors gracefully" classname="crud.spec.js" time="7.922">
</testcase>
<testcase name="CRUD Operations › Performance and Scalability › should handle large content efficiently" classname="crud.spec.js" time="5.73">
</testcase>
<testcase name="CRUD Operations › Performance and Scalability › should maintain performance with many notes" classname="crud.spec.js" time="5.009">
</testcase>
</testsuite>
<testsuite name="dashboard.spec.js" timestamp="2025-09-15T09:31:37.401Z" hostname="Tablet" tests="17" failures="1" skipped="0" time="101.574" errors="0">
<testcase name="Dashboard and Navigation › Dashboard Layout and Elements › should display dashboard with all key elements @smoke" classname="dashboard.spec.js" time="4.226">
</testcase>
<testcase name="Dashboard and Navigation › Dashboard Layout and Elements › should display PARA categories" classname="dashboard.spec.js" time="4.222">
</testcase>
<testcase name="Dashboard and Navigation › Dashboard Layout and Elements › should be responsive on different screen sizes" classname="dashboard.spec.js" time="6.005">
</testcase>
<testcase name="Dashboard and Navigation › Navigation Between Pages › should navigate to edit page @smoke" classname="dashboard.spec.js" time="6.008">
</testcase>
<testcase name="Dashboard and Navigation › Navigation Between Pages › should navigate to view page" classname="dashboard.spec.js" time="6.324">
</testcase>
<testcase name="Dashboard and Navigation › Navigation Between Pages › should maintain authentication across page navigation" classname="dashboard.spec.js" time="6.547">
</testcase>
<testcase name="Dashboard and Navigation › Navigation Between Pages › should handle browser back/forward navigation" classname="dashboard.spec.js" time="6.079">
</testcase>
<testcase name="Dashboard and Navigation › Search and Filter Functionality › should search for notes if search functionality exists" classname="dashboard.spec.js" time="6.511">
</testcase>
<testcase name="Dashboard and Navigation › Search and Filter Functionality › should filter by PARA categories if filter exists" classname="dashboard.spec.js" time="5.761">
</testcase>
<testcase name="Dashboard and Navigation › Notes/Items Display › should display existing notes if any exist" classname="dashboard.spec.js" time="5.71">
</testcase>
<testcase name="Dashboard and Navigation › Notes/Items Display › should handle empty state gracefully" classname="dashboard.spec.js" time="5.467">
</testcase>
<testcase name="Dashboard and Navigation › Notes/Items Display › should interact with note items if they exist" classname="dashboard.spec.js" time="4.009">
</testcase>
<testcase name="Dashboard and Navigation › User Experience Features › should show loading states appropriately" classname="dashboard.spec.js" time="5.889">
</testcase>
<testcase name="Dashboard and Navigation › User Experience Features › should handle errors gracefully" classname="dashboard.spec.js" time="8.824">
</testcase>
<testcase name="Dashboard and Navigation › User Experience Features › should be accessible with keyboard navigation @a11y" classname="dashboard.spec.js" time="5.267">
</testcase>
<testcase name="Dashboard and Navigation › Performance › should load dashboard within acceptable time @performance" classname="dashboard.spec.js" time="9.939">
<failure message="dashboard.spec.js:411:9 should load dashboard within acceptable time @performance" type="FAILURE">
<![CDATA[  [Tablet] › dashboard.spec.js:411:9 › Dashboard and Navigation › Performance › should load dashboard within acceptable time @performance 

    Error: expect(locator).toBeVisible() failed

    Locator:  locator('#login-box')
    Expected: visible
    Received: <element(s) not found>
    Timeout:  5000ms

    Call log:
      - Expect "toBeVisible" with timeout 5000ms
      - waiting for locator('#login-box')


       at ../utils/auth-helper.js:19

      17 |   async gotoLogin() {
      18 |     await this.page.goto('/static/html/index.html');
    > 19 |     await expect(this.page.locator('#login-box')).toBeVisible();
         |                                                   ^
      20 |   }
      21 |
      22 |   /**
        at AuthHelper.gotoLogin (/home/snarky404/githubRepos/PIM_project/e2e/utils/auth-helper.js:19:51)
        at AuthHelper.login (/home/snarky404/githubRepos/PIM_project/e2e/utils/auth-helper.js:45:5)
        at /home/snarky404/githubRepos/PIM_project/e2e/tests/dashboard.spec.js:414:7

    attachment #1: screenshot (image/png) ──────────────────────────────────────────────────────────
    ../test-results/dashboard-Dashboard-and-Na-5bb4a-acceptable-time-performance-Tablet/test-failed-1.png
    ────────────────────────────────────────────────────────────────────────────────────────────────

    attachment #2: video (video/webm) ──────────────────────────────────────────────────────────────
    ../test-results/dashboard-Dashboard-and-Na-5bb4a-acceptable-time-performance-Tablet/video.webm
    ────────────────────────────────────────────────────────────────────────────────────────────────

    Error Context: ../test-results/dashboard-Dashboard-and-Na-5bb4a-acceptable-time-performance-Tablet/error-context.md
]]>
</failure>
<system-out>
<![CDATA[
[[ATTACHMENT|test-results/dashboard-Dashboard-and-Na-5bb4a-acceptable-time-performance-Tablet/test-failed-1.png]]

[[ATTACHMENT|test-results/dashboard-Dashboard-and-Na-5bb4a-acceptable-time-performance-Tablet/video.webm]]

[[ATTACHMENT|test-results/dashboard-Dashboard-and-Na-5bb4a-acceptable-time-performance-Tablet/error-context.md]]
]]>
</system-out>
</testcase>
<testcase name="Dashboard and Navigation › Performance › should handle large datasets gracefully" classname="dashboard.spec.js" time="4.786">
<system-out>
<![CDATA[Performance metrics: {
  memory: { usedJSHeapSize: [33m10000000[39m, totalJSHeapSize: [33m10000000[39m },
  timing: {
    connectStart: [33m1757928869600[39m,
    secureConnectionStart: [33m0[39m,
    unloadEventEnd: [33m1757928869621[39m,
    domainLookupStart: [33m1757928869600[39m,
    domainLookupEnd: [33m1757928869600[39m,
    responseStart: [33m1757928869615[39m,
    connectEnd: [33m1757928869600[39m,
    responseEnd: [33m1757928869661[39m,
    requestStart: [33m1757928869602[39m,
    domLoading: [33m1757928869622[39m,
    redirectStart: [33m0[39m,
    loadEventEnd: [33m1757928869783[39m,
    domComplete: [33m1757928869783[39m,
    navigationStart: [33m1757928869598[39m,
    loadEventStart: [33m1757928869783[39m,
    domContentLoadedEventEnd: [33m1757928869680[39m,
    unloadEventStart: [33m1757928869621[39m,
    redirectEnd: [33m0[39m,
    domInteractive: [33m1757928869678[39m,
    fetchStart: [33m1757928869600[39m,
    domContentLoadedEventStart: [33m1757928869678[39m
  }
}
]]>
</system-out>
</testcase>
</testsuite>
</testsuites>